<?xml version="1.0" encoding="UTF-8"?>
<testsuite xmlns:xsi="http://www.w3.org/2001/XMLSchema-instance" xsi:noNamespaceSchemaLocation="https://maven.apache.org/surefire/maven-surefire-plugin/xsd/surefire-test-report.xsd" name="Runner.testsRunner" time="0.373" tests="6" errors="0" skipped="6" failures="0">
  <properties>
[...]
</properties>
  <testcase name="Get a List of Resources" classname="Verify List Resource API endpoint" time="0">
    <skipped message="The step &quot;I request List Resource with method get&quot; is undefined. You can implement it using the snippet(s) below:&#10;&#10;@When(&quot;I request List Resource with method get&quot;)&#10;public void i_request_List_Resource_with_method_get() {&#10;    // Write code here that turns the phrase above into concrete actions&#10;    throw new io.cucumber.java.PendingException();&#10;}&#10;&#10;Some other steps were also undefined:&#10;&#10;@Then(&quot;list resource status should be {int}&quot;)&#10;public void list_resource_status_should_be(Integer int1) {&#10;    // Write code here that turns the phrase above into concrete actions&#10;    throw new io.cucumber.java.PendingException();&#10;}&#10;@Then(&quot;List of Resources is displayed&quot;)&#10;public void list_of_Resources_is_displayed() {&#10;    // Write code here that turns the phrase above into concrete actions&#10;    throw new io.cucumber.java.PendingException();&#10;}&#10;"/>
    <system-err><![CDATA[Mar 23, 2020 3:27:20 PM io.cucumber.junit.Cucumber <init>
WARNING: By default Cucumber is running in --non-strict mode.
This default will change to --strict and --non-strict will be removed.
You can use --strict or @CucumberOptions(strict = true) to suppress this warning
]]></system-err>
  </testcase>
  <testcase name="Get a List of Users" classname="Verify List Users API endpoint" time="0">
    <skipped message="The step &quot;I request List User with method get&quot; is undefined. You can implement it using the snippet(s) below:&#10;&#10;@When(&quot;I request List User with method get&quot;)&#10;public void i_request_List_User_with_method_get() {&#10;    // Write code here that turns the phrase above into concrete actions&#10;    throw new io.cucumber.java.PendingException();&#10;}&#10;&#10;Some other steps were also undefined:&#10;&#10;@Then(&quot;list user status should be {int}&quot;)&#10;public void list_user_status_should_be(Integer int1) {&#10;    // Write code here that turns the phrase above into concrete actions&#10;    throw new io.cucumber.java.PendingException();&#10;}&#10;@Then(&quot;List of Users is displayed&quot;)&#10;public void list_of_Users_is_displayed() {&#10;    // Write code here that turns the phrase above into concrete actions&#10;    throw new io.cucumber.java.PendingException();&#10;}&#10;"/>
  </testcase>
  <testcase name="Get a Single Resource" classname="Verify Single Resource API endpoint" time="0">
    <skipped message="The step &quot;I request Single Resource with method get&quot; is undefined. You can implement it using the snippet(s) below:&#10;&#10;@When(&quot;I request Single Resource with method get&quot;)&#10;public void i_request_Single_Resource_with_method_get() {&#10;    // Write code here that turns the phrase above into concrete actions&#10;    throw new io.cucumber.java.PendingException();&#10;}&#10;&#10;Some other steps were also undefined:&#10;&#10;@Then(&quot;single resource status should be {int}&quot;)&#10;public void single_resource_status_should_be(Integer int1) {&#10;    // Write code here that turns the phrase above into concrete actions&#10;    throw new io.cucumber.java.PendingException();&#10;}&#10;@Then(&quot;Single Resource is displayed&quot;)&#10;public void single_Resource_is_displayed() {&#10;    // Write code here that turns the phrase above into concrete actions&#10;    throw new io.cucumber.java.PendingException();&#10;}&#10;"/>
  </testcase>
  <testcase name="Get a Single Resource Not Found" classname="Verify Single Resource Not Found API endpoint" time="0">
    <skipped message="The step &quot;I request Single Resource Not Found with method get&quot; is undefined. You can implement it using the snippet(s) below:&#10;&#10;@When(&quot;I request Single Resource Not Found with method get&quot;)&#10;public void i_request_Single_Resource_Not_Found_with_method_get() {&#10;    // Write code here that turns the phrase above into concrete actions&#10;    throw new io.cucumber.java.PendingException();&#10;}&#10;&#10;Some other steps were also undefined:&#10;&#10;@Then(&quot;resource status should be {int}&quot;)&#10;public void resource_status_should_be(Integer int1) {&#10;    // Write code here that turns the phrase above into concrete actions&#10;    throw new io.cucumber.java.PendingException();&#10;}&#10;@Then(&quot;resource body is empty&quot;)&#10;public void resource_body_is_empty() {&#10;    // Write code here that turns the phrase above into concrete actions&#10;    throw new io.cucumber.java.PendingException();&#10;}&#10;"/>
  </testcase>
  <testcase name="Get a Single User" classname="Verify Single User API endpoint" time="0">
    <skipped message="The step &quot;I request Single User with method get&quot; is undefined. You can implement it using the snippet(s) below:&#10;&#10;@When(&quot;I request Single User with method get&quot;)&#10;public void i_request_Single_User_with_method_get() {&#10;    // Write code here that turns the phrase above into concrete actions&#10;    throw new io.cucumber.java.PendingException();&#10;}&#10;&#10;Some other steps were also undefined:&#10;&#10;@Then(&quot;single user status should be {int}&quot;)&#10;public void single_user_status_should_be(Integer int1) {&#10;    // Write code here that turns the phrase above into concrete actions&#10;    throw new io.cucumber.java.PendingException();&#10;}&#10;@Then(&quot;Single User is displayed&quot;)&#10;public void single_User_is_displayed() {&#10;    // Write code here that turns the phrase above into concrete actions&#10;    throw new io.cucumber.java.PendingException();&#10;}&#10;"/>
  </testcase>
  <testcase name="Get a Single User Not Found" classname="Verify Single User Not Found API endpoint" time="0">
    <skipped message="The step &quot;I request Single User Not Found with method get&quot; is undefined. You can implement it using the snippet(s) below:&#10;&#10;@When(&quot;I request Single User Not Found with method get&quot;)&#10;public void i_request_Single_User_Not_Found_with_method_get() {&#10;    // Write code here that turns the phrase above into concrete actions&#10;    throw new io.cucumber.java.PendingException();&#10;}&#10;&#10;Some other steps were also undefined:&#10;&#10;@Then(&quot;list user not found status should be {int}&quot;)&#10;public void list_user_not_found_status_should_be(Integer int1) {&#10;    // Write code here that turns the phrase above into concrete actions&#10;    throw new io.cucumber.java.PendingException();&#10;}&#10;@Then(&quot;list user body is empty&quot;)&#10;public void list_user_body_is_empty() {&#10;    // Write code here that turns the phrase above into concrete actions&#10;    throw new io.cucumber.java.PendingException();&#10;}&#10;"/>
  </testcase>
</testsuite>